<?xml version="1.0" encoding="UTF-8"?>
<!-- Generated by org.testng.reporters.JUnitXMLReporter -->
<testsuite ignored="3" hostname="DESKTOP-F70FE3H" failures="0" tests="1" name="Smoke Test" time="11.644" errors="0" timestamp="2020-09-14T13:38:44 EDT">
  <testcase classname="com.hrms.testcases.LoginTest" name="validLogin" time="2.029"/>
  <testcase classname="com.hrms.testcases.LoginTest" name="invalidLogin" time="0.0">
    <ignored/>
  </testcase> <!-- invalidLogin -->
  <testcase classname="com.hrms.testcases.AddEmployeeTest" name="addMultipleEmployees" time="0.0">
    <ignored/>
  </testcase> <!-- addMultipleEmployees -->
  <testcase classname="com.hrms.testcases.AddEmployeeTest" name="addEmployeesData" time="0.0">
    <ignored/>
  </testcase> <!-- addEmployeesData -->
</testsuite> <!-- Smoke Test -->
