<?xml version="1.0" encoding="UTF-8"?>
<!-- Generated by org.testng.reporters.JUnitXMLReporter -->
<testsuite ignored="1" hostname="DESKTOP-F70FE3H" failures="1" tests="9" name="Regression Test" time="118.897" errors="0" timestamp="2020-09-13T04:08:10 EDT">
  <testcase classname="com.hrms.testcases.AddEmployeeTest" name="addEmployeesData" time="7.268"/>
  <testcase classname="com.hrms.testcases.AddEmployeeTest" name="addEmployeesData" time="7.353"/>
  <testcase classname="com.hrms.testcases.AddEmployeeTest" name="addEmployeesData" time="7.926"/>
  <testcase classname="com.hrms.testcases.AddEmployeeTest" name="addEmployeesData" time="7.654"/>
  <testcase classname="com.hrms.testcases.AddEmployeeTest" name="addEmployeesData" time="7.6"/>
  <testcase classname="com.hrms.testcases.AddEmployeeTest" name="addMultipleEmployees" time="4.171">
    <failure type="java.lang.NullPointerException">
      <![CDATA[java.lang.NullPointerException
at com.hrms.utils.ExcelUtility.getRowsCount(ExcelUtility.java:76)
at com.hrms.utils.ExcelUtility.excelToListMap(ExcelUtility.java:109)
at com.hrms.testcases.AddEmployeeTest.addMultipleEmployees(AddEmployeeTest.java:74)
at java.base/java.util.ArrayList.forEach(ArrayList.java:1511)
... Removed 27 stack frames]]>
    </failure>
  </testcase> <!-- addMultipleEmployees -->
  <testcase classname="com.hrms.testcases.LoginTest" name="invalidLogin" time="0.53"/>
  <testcase classname="com.hrms.testcases.LoginTest" name="invalidLogin" time="0.577"/>
  <testcase classname="com.hrms.testcases.LoginTest" name="invalidLogin" time="1.299"/>
  <testcase classname="com.hrms.testcases.LoginTest" name="validLogin" time="0.0">
    <ignored/>
  </testcase> <!-- validLogin -->
</testsuite> <!-- Regression Test -->
