<?xml version="1.0" encoding="UTF-8"?>
<testng-results ignored="3" total="4" passed="1" failed="0" skipped="0">
  <reporter-output>
  </reporter-output>
  <suite started-at="2020-09-14T13:38:32 EDT" name="Smoke Suite" finished-at="2020-09-14T13:38:44 EDT" duration-ms="11644">
    <groups>
      <group name="smoke">
        <method signature="LoginTest.validLogin()[pri:0, instance:com.hrms.testcases.LoginTest@6af93788]" name="validLogin" class="com.hrms.testcases.LoginTest"/>
      </group> <!-- smoke -->
    </groups>
    <test started-at="2020-09-14T13:38:32 EDT" name="Smoke Test" finished-at="2020-09-14T13:38:44 EDT" duration-ms="11644">
      <class name="com.hrms.testcases.LoginTest">
        <test-method is-config="true" signature="setUp()[pri:0, instance:com.hrms.testcases.LoginTest@6af93788]" started-at="2020-09-14T13:38:32 EDT" name="setUp" finished-at="2020-09-14T13:38:39 EDT" duration-ms="6994" status="PASS">
          <reporter-output>
          </reporter-output>
        </test-method> <!-- setUp -->
        <test-method signature="validLogin()[pri:0, instance:com.hrms.testcases.LoginTest@6af93788]" started-at="2020-09-14T13:38:39 EDT" name="validLogin" finished-at="2020-09-14T13:38:41 EDT" duration-ms="2029" status="PASS">
          <reporter-output>
          </reporter-output>
        </test-method> <!-- validLogin -->
        <test-method is-config="true" signature="tearDown()[pri:0, instance:com.hrms.testcases.LoginTest@6af93788]" started-at="2020-09-14T13:38:43 EDT" name="tearDown" finished-at="2020-09-14T13:38:44 EDT" duration-ms="880" status="PASS">
          <reporter-output>
          </reporter-output>
        </test-method> <!-- tearDown -->
      </class> <!-- com.hrms.testcases.LoginTest -->
    </test> <!-- Smoke Test -->
  </suite> <!-- Smoke Suite -->
</testng-results>
